{"level":"error","message":"server start at 3636"}
{"level":"error","message":"server start at 3636"}
{"level":"error","message":"server start at 3636"}
{"level":"error","message":"server start at 3636"}
{"level":"error","message":"server start at 3636"}
{"level":"error","message":"server start at 3636"}
{"level":"error","message":"server start at 3636"}
{"level":"error","message":"server start at 3636"}
{"level":"error","message":"server start at 3636"}
{"level":"error","message":"server start at 3636"}
{"level":"error","message":"server start at 3636"}
{"level":"error","message":"server start at 3636"}
{"level":"error","message":"server start at 3636"}
{"level":"error","message":"server start at 3636"}
{"level":"error","message":"server start at 3636"}
{"level":"error","message":"error while login data and hash arguments required","stack":"Error: data and hash arguments required\n    at Object.compare (C:\\FunDooApp\\node_modules\\bcrypt\\bcrypt.js:208:17)\n    at C:\\FunDooApp\\node_modules\\bcrypt\\promises.js:29:12\n    at new Promise (<anonymous>)\n    at Object.module.exports.promise (C:\\FunDooApp\\node_modules\\bcrypt\\promises.js:20:12)\n    at Object.compare (C:\\FunDooApp\\node_modules\\bcrypt\\bcrypt.js:204:25)\n    at ServicesClass.loginServices (C:\\FunDooApp\\app\\Service\\service.js:34:45)\n    at processTicksAndRejections (node:internal/process/task_queues:96:5)\n    at async loginControll (C:\\FunDooApp\\app\\Controller\\controller.js:21:9)","timestamp":"2022-01-12T06:59:10.637Z"}
{"level":"error","message":"error while login data and hash arguments required","stack":"Error: data and hash arguments required\n    at Object.compare (C:\\FunDooApp\\node_modules\\bcrypt\\bcrypt.js:208:17)\n    at C:\\FunDooApp\\node_modules\\bcrypt\\promises.js:29:12\n    at new Promise (<anonymous>)\n    at Object.module.exports.promise (C:\\FunDooApp\\node_modules\\bcrypt\\promises.js:20:12)\n    at Object.compare (C:\\FunDooApp\\node_modules\\bcrypt\\bcrypt.js:204:25)\n    at ServicesClass.loginServices (C:\\FunDooApp\\app\\Service\\service.js:34:45)\n    at processTicksAndRejections (node:internal/process/task_queues:96:5)\n    at async loginControll (C:\\FunDooApp\\app\\Controller\\controller.js:21:9)","timestamp":"2022-01-12T07:04:04.917Z"}
{"level":"error","message":"error while login findUser is not defined","stack":"ReferenceError: findUser is not defined\n    at ServicesClass.loginServices (C:\\FunDooApp\\app\\Service\\service.js:33:27)\n    at processTicksAndRejections (node:internal/process/task_queues:96:5)\n    at async loginControll (C:\\FunDooApp\\app\\Controller\\controller.js:22:9)","timestamp":"2022-01-14T08:34:16.502Z"}
{"code":"LOGIN_FAILED","level":"error","message":"error while login invalid password","name":"Error","statusCode":400,"timestamp":"2022-01-14T08:43:35.278Z"}
{"code":"LOGIN_FAILED","level":"error","message":"error while login invalid password","name":"Error","statusCode":400,"timestamp":"2022-01-14T09:03:31.596Z"}
{"code":"LOGIN_FAILED","level":"error","message":"error while login invalid password","name":"Error","statusCode":400,"timestamp":"2022-01-14T09:05:26.914Z"}
{"code":"LOGIN_FAILED","level":"error","message":"error while login invalid password","name":"Error","statusCode":400,"timestamp":"2022-01-14T09:29:14.213Z"}
{"code":"LOGIN_FAILED","level":"error","message":"error while login invalid password","name":"Error","statusCode":400,"timestamp":"2022-01-14T09:31:55.381Z"}
{"code":"LOGIN_FAILED","level":"error","message":"error while login invalid password","name":"Error","statusCode":400,"timestamp":"2022-01-14T09:32:48.932Z"}
{"code":"LOGIN_FAILED","level":"error","message":"error while login invalid password","name":"Error","statusCode":400,"timestamp":"2022-01-14T09:44:37.614Z"}
{"code":"LOGIN_FAILED","level":"error","message":"error while login invalid password","name":"Error","statusCode":400,"timestamp":"2022-01-14T09:48:47.146Z"}
{"code":"LOGIN_FAILED","level":"error","message":"error while login invalid password","name":"Error","statusCode":400,"timestamp":"2022-01-15T01:47:10.637Z"}
{"code":"ERR_HTTP_HEADERS_SENT","level":"error","message":"error while login Cannot set headers after they are sent to the client","stack":"Error [ERR_HTTP_HEADERS_SENT]: Cannot set headers after they are sent to the client\n    at new NodeError (node:internal/errors:371:5)\n    at ServerResponse.setHeader (node:_http_outgoing:576:11)\n    at ServerResponse.header (C:\\FunDooApp\\node_modules\\express\\lib\\response.js:776:10)\n    at ServerResponse.send (C:\\FunDooApp\\node_modules\\express\\lib\\response.js:170:12)\n    at C:\\FunDooApp\\app\\Controller\\controller.js:27:17\n    at async loginControll (C:\\FunDooApp\\app\\Controller\\controller.js:22:9)","timestamp":"2022-01-15T02:42:49.583Z"}
{"code":"LOGIN_FAILED","level":"error","message":"error while login invalid password","name":"Error","statusCode":400,"timestamp":"2022-01-15T02:42:49.804Z"}
{"code":"ERR_HTTP_HEADERS_SENT","level":"error","message":"error while login Cannot set headers after they are sent to the client","stack":"Error [ERR_HTTP_HEADERS_SENT]: Cannot set headers after they are sent to the client\n    at new NodeError (node:internal/errors:371:5)\n    at ServerResponse.setHeader (node:_http_outgoing:576:11)\n    at ServerResponse.header (C:\\FunDooApp\\node_modules\\express\\lib\\response.js:776:10)\n    at ServerResponse.send (C:\\FunDooApp\\node_modules\\express\\lib\\response.js:170:12)\n    at C:\\FunDooApp\\app\\Controller\\controller.js:27:17\n    at async loginControll (C:\\FunDooApp\\app\\Controller\\controller.js:22:9)","timestamp":"2022-01-15T02:42:50.059Z"}
{"code":"ERR_HTTP_HEADERS_SENT","level":"error","message":"error while login Cannot set headers after they are sent to the client","stack":"Error [ERR_HTTP_HEADERS_SENT]: Cannot set headers after they are sent to the client\n    at new NodeError (node:internal/errors:371:5)\n    at ServerResponse.setHeader (node:_http_outgoing:576:11)\n    at ServerResponse.header (C:\\FunDooApp\\node_modules\\express\\lib\\response.js:776:10)\n    at ServerResponse.send (C:\\FunDooApp\\node_modules\\express\\lib\\response.js:170:12)\n    at C:\\FunDooApp\\app\\Controller\\controller.js:27:17\n    at async loginControll (C:\\FunDooApp\\app\\Controller\\controller.js:22:9)","timestamp":"2022-01-15T02:44:19.879Z"}
{"code":"LOGIN_FAILED","level":"error","message":"error while login invalid password","name":"Error","statusCode":400,"timestamp":"2022-01-15T02:44:20.082Z"}
{"code":"ERR_HTTP_HEADERS_SENT","level":"error","message":"error while login Cannot set headers after they are sent to the client","stack":"Error [ERR_HTTP_HEADERS_SENT]: Cannot set headers after they are sent to the client\n    at new NodeError (node:internal/errors:371:5)\n    at ServerResponse.setHeader (node:_http_outgoing:576:11)\n    at ServerResponse.header (C:\\FunDooApp\\node_modules\\express\\lib\\response.js:776:10)\n    at ServerResponse.send (C:\\FunDooApp\\node_modules\\express\\lib\\response.js:170:12)\n    at C:\\FunDooApp\\app\\Controller\\controller.js:27:17\n    at async loginControll (C:\\FunDooApp\\app\\Controller\\controller.js:22:9)","timestamp":"2022-01-15T02:44:20.350Z"}
{"code":"ERR_HTTP_HEADERS_SENT","level":"error","message":"error while login Cannot set headers after they are sent to the client","stack":"Error [ERR_HTTP_HEADERS_SENT]: Cannot set headers after they are sent to the client\n    at new NodeError (node:internal/errors:371:5)\n    at ServerResponse.setHeader (node:_http_outgoing:576:11)\n    at ServerResponse.header (C:\\FunDooApp\\node_modules\\express\\lib\\response.js:776:10)\n    at ServerResponse.send (C:\\FunDooApp\\node_modules\\express\\lib\\response.js:170:12)\n    at C:\\FunDooApp\\app\\Controller\\controller.js:27:17\n    at async loginControll (C:\\FunDooApp\\app\\Controller\\controller.js:22:9)","timestamp":"2022-01-15T02:47:10.963Z"}
{"code":"LOGIN_FAILED","level":"error","message":"error while login invalid password","name":"Error","statusCode":400,"timestamp":"2022-01-15T02:47:11.154Z"}
{"code":"ERR_HTTP_HEADERS_SENT","level":"error","message":"error while login Cannot set headers after they are sent to the client","stack":"Error [ERR_HTTP_HEADERS_SENT]: Cannot set headers after they are sent to the client\n    at new NodeError (node:internal/errors:371:5)\n    at ServerResponse.setHeader (node:_http_outgoing:576:11)\n    at ServerResponse.header (C:\\FunDooApp\\node_modules\\express\\lib\\response.js:776:10)\n    at ServerResponse.send (C:\\FunDooApp\\node_modules\\express\\lib\\response.js:170:12)\n    at C:\\FunDooApp\\app\\Controller\\controller.js:27:17\n    at async loginControll (C:\\FunDooApp\\app\\Controller\\controller.js:22:9)","timestamp":"2022-01-15T02:47:11.406Z"}
{"code":"ERR_HTTP_HEADERS_SENT","level":"error","message":"error while login Cannot set headers after they are sent to the client","stack":"Error [ERR_HTTP_HEADERS_SENT]: Cannot set headers after they are sent to the client\n    at new NodeError (node:internal/errors:371:5)\n    at ServerResponse.setHeader (node:_http_outgoing:576:11)\n    at ServerResponse.header (C:\\FunDooApp\\node_modules\\express\\lib\\response.js:776:10)\n    at ServerResponse.send (C:\\FunDooApp\\node_modules\\express\\lib\\response.js:170:12)\n    at C:\\FunDooApp\\app\\Controller\\controller.js:27:17\n    at async loginControll (C:\\FunDooApp\\app\\Controller\\controller.js:22:9)","timestamp":"2022-01-15T02:54:01.435Z"}
{"code":"LOGIN_FAILED","level":"error","message":"error while login invalid password","name":"Error","statusCode":400,"timestamp":"2022-01-15T02:54:01.636Z"}
{"code":"ERR_HTTP_HEADERS_SENT","level":"error","message":"error while login Cannot set headers after they are sent to the client","stack":"Error [ERR_HTTP_HEADERS_SENT]: Cannot set headers after they are sent to the client\n    at new NodeError (node:internal/errors:371:5)\n    at ServerResponse.setHeader (node:_http_outgoing:576:11)\n    at ServerResponse.header (C:\\FunDooApp\\node_modules\\express\\lib\\response.js:776:10)\n    at ServerResponse.send (C:\\FunDooApp\\node_modules\\express\\lib\\response.js:170:12)\n    at C:\\FunDooApp\\app\\Controller\\controller.js:27:17\n    at async loginControll (C:\\FunDooApp\\app\\Controller\\controller.js:22:9)","timestamp":"2022-01-15T02:54:01.870Z"}
{"code":"ERR_HTTP_HEADERS_SENT","level":"error","message":"error while login Cannot set headers after they are sent to the client","stack":"Error [ERR_HTTP_HEADERS_SENT]: Cannot set headers after they are sent to the client\n    at new NodeError (node:internal/errors:371:5)\n    at ServerResponse.setHeader (node:_http_outgoing:576:11)\n    at ServerResponse.header (C:\\FunDooApp\\node_modules\\express\\lib\\response.js:776:10)\n    at ServerResponse.send (C:\\FunDooApp\\node_modules\\express\\lib\\response.js:170:12)\n    at C:\\FunDooApp\\app\\Controller\\controller.js:27:17\n    at async loginControll (C:\\FunDooApp\\app\\Controller\\controller.js:22:9)","timestamp":"2022-01-15T03:58:28.744Z"}
{"code":"LOGIN_FAILED","level":"error","message":"error while login invalid password","name":"Error","statusCode":400,"timestamp":"2022-01-15T03:58:28.925Z"}
{"code":"ERR_HTTP_HEADERS_SENT","level":"error","message":"error while login Cannot set headers after they are sent to the client","stack":"Error [ERR_HTTP_HEADERS_SENT]: Cannot set headers after they are sent to the client\n    at new NodeError (node:internal/errors:371:5)\n    at ServerResponse.setHeader (node:_http_outgoing:576:11)\n    at ServerResponse.header (C:\\FunDooApp\\node_modules\\express\\lib\\response.js:776:10)\n    at ServerResponse.send (C:\\FunDooApp\\node_modules\\express\\lib\\response.js:170:12)\n    at C:\\FunDooApp\\app\\Controller\\controller.js:27:17\n    at async loginControll (C:\\FunDooApp\\app\\Controller\\controller.js:22:9)","timestamp":"2022-01-15T07:45:38.147Z"}
{"code":"LOGIN_FAILED","level":"error","message":"error while login invalid password","name":"Error","statusCode":400,"timestamp":"2022-01-15T07:46:59.979Z"}
{"code":"LOGIN_FAILED","level":"error","message":"error while login invalid password","name":"Error","statusCode":400,"timestamp":"2022-01-15T17:21:58.079Z"}
{"code":"LOGIN_FAILED","level":"error","message":"error while login invalid password","name":"Error","statusCode":400,"timestamp":"2022-01-15T17:22:26.700Z"}
{"code":"LOGIN_FAILED","level":"error","message":"error while login invalid password","name":"Error","statusCode":400,"timestamp":"2022-01-15T17:30:24.732Z"}
{"code":"LOGIN_FAILED","level":"error","message":"error while login invalid password","name":"Error","statusCode":400,"timestamp":"2022-01-15T17:33:30.530Z"}
{"code":"LOGIN_FAILED","level":"error","message":"error while login invalid password","name":"Error","statusCode":400,"timestamp":"2022-01-15T17:33:33.739Z"}
{"code":"LOGIN_FAILED","level":"error","message":"error while login invalid password","name":"Error","statusCode":400,"timestamp":"2022-01-15T17:35:21.806Z"}
{"code":"LOGIN_FAILED","level":"error","message":"error while login invalid password","name":"Error","statusCode":400,"timestamp":"2022-01-15T17:35:58.931Z"}
{"code":"LOGIN_FAILED","level":"error","message":"error while login invalid password","name":"Error","statusCode":400,"timestamp":"2022-01-15T17:36:00.460Z"}
{"level":"error","message":"error while login Cannot read properties of undefined (reading 'password')","stack":"TypeError: Cannot read properties of undefined (reading 'password')\n    at ServicesClass.loginServices (C:\\FunDooApp\\app\\Service\\service.js:35:18)\n    at processTicksAndRejections (node:internal/process/task_queues:96:5)\n    at async loginControll (C:\\FunDooApp\\app\\Controller\\controller.js:22:9)","timestamp":"2022-01-15T17:37:12.205Z"}
{"level":"error","message":"error while login Cannot read properties of undefined (reading 'password')","stack":"TypeError: Cannot read properties of undefined (reading 'password')\n    at ServicesClass.loginServices (C:\\FunDooApp\\app\\Service\\service.js:35:18)\n    at processTicksAndRejections (node:internal/process/task_queues:96:5)\n    at async loginControll (C:\\FunDooApp\\app\\Controller\\controller.js:22:9)","timestamp":"2022-01-15T17:38:08.619Z"}
{"level":"error","message":"error while login Cannot read properties of undefined (reading 'password')","stack":"TypeError: Cannot read properties of undefined (reading 'password')\n    at ServicesClass.loginServices (C:\\FunDooApp\\app\\Service\\service.js:35:18)\n    at processTicksAndRejections (node:internal/process/task_queues:96:5)\n    at async loginControll (C:\\FunDooApp\\app\\Controller\\controller.js:22:9)","timestamp":"2022-01-15T17:38:10.186Z"}
{"level":"error","message":"error while login Cannot read properties of undefined (reading 'password')","stack":"TypeError: Cannot read properties of undefined (reading 'password')\n    at ServicesClass.loginServices (C:\\FunDooApp\\app\\Service\\service.js:35:18)\n    at processTicksAndRejections (node:internal/process/task_queues:96:5)\n    at async loginControll (C:\\FunDooApp\\app\\Controller\\controller.js:22:9)","timestamp":"2022-01-15T17:40:59.398Z"}
{"level":"error","message":"error while login Cannot read properties of undefined (reading 'password')","stack":"TypeError: Cannot read properties of undefined (reading 'password')\n    at ServicesClass.loginServices (C:\\FunDooApp\\app\\Service\\service.js:35:18)\n    at processTicksAndRejections (node:internal/process/task_queues:96:5)\n    at async loginControll (C:\\FunDooApp\\app\\Controller\\controller.js:22:9)","timestamp":"2022-01-15T17:44:14.516Z"}
{"code":"LOGIN_FAILED","level":"error","message":"error while login invalid password","name":"Error","statusCode":400,"timestamp":"2022-01-15T17:50:16.992Z"}
{"code":"LOGIN_FAILED","level":"error","message":"error while login invalid password","name":"Error","statusCode":400,"timestamp":"2022-01-15T18:12:45.095Z"}
{"code":"LOGIN_FAILED","level":"error","message":"error while login invalid password","name":"Error","statusCode":400,"timestamp":"2022-01-15T18:12:52.725Z"}
{"code":"LOGIN_FAILED","level":"error","message":"error while login invalid password","name":"Error","statusCode":400,"timestamp":"2022-01-15T18:12:59.262Z"}
{"code":"LOGIN_FAILED","level":"error","message":"error while login invalid password","name":"Error","statusCode":400,"timestamp":"2022-01-15T18:13:04.879Z"}
{"code":"LOGIN_FAILED","level":"error","message":"error while login invalid password","name":"Error","statusCode":400,"timestamp":"2022-01-15T18:13:09.691Z"}
{"code":"LOGIN_FAILED","level":"error","message":"error while login invalid password","name":"Error","statusCode":400,"timestamp":"2022-01-15T18:13:18.897Z"}
{"level":"error","message":"error in forgot password operation","timestamp":"2022-01-27T14:14:42.010Z"}
{"level":"error","message":"error in forgot password operation","timestamp":"2022-01-27T14:22:03.345Z"}
{"code":"LOGIN_FAILED","level":"error","message":"error while login invalid password","name":"Error","statusCode":400,"timestamp":"2022-01-27T14:27:15.312Z"}
{"level":"error","message":"error in forgot password operation","timestamp":"2022-01-27T14:36:43.634Z"}
{"level":"error","message":"error in forgot password operation","timestamp":"2022-01-27T14:41:13.132Z"}
{"level":"error","message":"error in forgot password operation","timestamp":"2022-01-27T14:43:09.212Z"}
{"level":"error","message":"error in forgot password operation","timestamp":"2022-01-27T14:43:50.599Z"}
{"code":"LOGIN_FAILED","level":"error","message":"error while login invalid password","name":"Error","statusCode":400,"timestamp":"2022-01-27T14:56:58.398Z"}
{"code":"LOGIN_FAILED","level":"error","message":"error while login invalid password","name":"Error","statusCode":400,"timestamp":"2022-01-27T14:57:36.063Z"}
{"code":"LOGIN_FAILED","level":"error","message":"error while login invalid password","name":"Error","statusCode":400,"timestamp":"2022-01-27T14:58:40.863Z"}
