{"level":"silly","message":"server start at 3636","timestamp":"2022-01-07T18:40:46.415Z"}
{"level":"silly","message":"server start at 3636","timestamp":"2022-01-07T18:43:47.528Z"}
{"level":"silly","message":"server start at 3636","timestamp":"2022-01-07T18:44:37.823Z"}
{"level":"silly","message":"server start at 3636","timestamp":"2022-01-07T18:47:35.589Z"}
{"level":"silly","message":"server start at 3636","timestamp":"2022-01-07T18:48:45.114Z"}
{"level":"silly","message":"server start at 3636","timestamp":"2022-01-07T18:48:55.840Z"}
{"level":"silly","message":"server start at 3636","timestamp":"2022-01-07T18:49:03.064Z"}
{"level":"silly","message":"server start at 3636","timestamp":"2022-01-07T18:51:38.218Z"}
{"level":"silly","message":"server start at 3636","timestamp":"2022-01-07T19:24:26.631Z"}
{"level":"silly","message":"server start at 3636","timestamp":"2022-01-08T03:00:24.101Z"}
{"level":"silly","message":"server start at 3636","timestamp":"2022-01-08T03:39:54.718Z"}
{"level":"silly","message":"server start at 3636","timestamp":"2022-01-08T03:39:59.005Z"}
{"level":"silly","message":"server start at 3636","timestamp":"2022-01-08T03:40:09.291Z"}
{"level":"silly","message":"server start at 3636","timestamp":"2022-01-08T06:07:23.929Z"}
{"level":"silly","message":"server start at 3636","timestamp":"2022-01-12T06:41:00.609Z"}
{"level":"silly","message":"server start at 3636","timestamp":"2022-01-12T06:43:10.602Z"}
{"level":"silly","message":"server start at 3636","timestamp":"2022-01-12T06:52:49.363Z"}
{"level":"silly","message":"server start at 3636","timestamp":"2022-01-12T06:54:35.732Z"}
{"level":"silly","message":"server start at 3636","timestamp":"2022-01-12T06:59:07.950Z"}
{"level":"error","message":"error while login data and hash arguments required","stack":"Error: data and hash arguments required\n    at Object.compare (C:\\FunDooApp\\node_modules\\bcrypt\\bcrypt.js:208:17)\n    at C:\\FunDooApp\\node_modules\\bcrypt\\promises.js:29:12\n    at new Promise (<anonymous>)\n    at Object.module.exports.promise (C:\\FunDooApp\\node_modules\\bcrypt\\promises.js:20:12)\n    at Object.compare (C:\\FunDooApp\\node_modules\\bcrypt\\bcrypt.js:204:25)\n    at ServicesClass.loginServices (C:\\FunDooApp\\app\\Service\\service.js:34:45)\n    at processTicksAndRejections (node:internal/process/task_queues:96:5)\n    at async loginControll (C:\\FunDooApp\\app\\Controller\\controller.js:21:9)","timestamp":"2022-01-12T06:59:10.638Z"}
{"level":"error","message":"error while login data and hash arguments required","stack":"Error: data and hash arguments required\n    at Object.compare (C:\\FunDooApp\\node_modules\\bcrypt\\bcrypt.js:208:17)\n    at C:\\FunDooApp\\node_modules\\bcrypt\\promises.js:29:12\n    at new Promise (<anonymous>)\n    at Object.module.exports.promise (C:\\FunDooApp\\node_modules\\bcrypt\\promises.js:20:12)\n    at Object.compare (C:\\FunDooApp\\node_modules\\bcrypt\\bcrypt.js:204:25)\n    at ServicesClass.loginServices (C:\\FunDooApp\\app\\Service\\service.js:34:45)\n    at processTicksAndRejections (node:internal/process/task_queues:96:5)\n    at async loginControll (C:\\FunDooApp\\app\\Controller\\controller.js:21:9)","timestamp":"2022-01-12T07:04:04.918Z"}
{"level":"silly","message":"server start at 3636","timestamp":"2022-01-12T07:04:20.676Z"}
{"level":"silly","message":"server start at 3636","timestamp":"2022-01-14T07:49:14.135Z"}
{"level":"silly","message":"server start at 3636","timestamp":"2022-01-14T07:54:37.767Z"}
{"level":"silly","message":"server start at 3636","timestamp":"2022-01-14T07:56:17.741Z"}
{"level":"silly","message":"server start at 3636","timestamp":"2022-01-14T08:00:43.472Z"}
{"level":"silly","message":"server start at 3636","timestamp":"2022-01-14T08:03:41.506Z"}
{"level":"silly","message":"server start at 3636","timestamp":"2022-01-14T08:06:13.492Z"}
{"level":"silly","message":"server start at 3636","timestamp":"2022-01-14T08:07:57.902Z"}
{"level":"silly","message":"server start at 3636","timestamp":"2022-01-14T08:09:48.702Z"}
{"level":"silly","message":"server start at 3636","timestamp":"2022-01-14T08:11:54.525Z"}
{"level":"silly","message":"server start at 3636","timestamp":"2022-01-14T08:15:08.325Z"}
{"level":"silly","message":"server start at 3636","timestamp":"2022-01-14T08:15:35.235Z"}
{"level":"silly","message":"server start at 3636","timestamp":"2022-01-14T08:16:30.585Z"}
{"level":"silly","message":"server start at 3636","timestamp":"2022-01-14T08:34:13.527Z"}
{"level":"error","message":"error while login findUser is not defined","stack":"ReferenceError: findUser is not defined\n    at ServicesClass.loginServices (C:\\FunDooApp\\app\\Service\\service.js:33:27)\n    at processTicksAndRejections (node:internal/process/task_queues:96:5)\n    at async loginControll (C:\\FunDooApp\\app\\Controller\\controller.js:22:9)","timestamp":"2022-01-14T08:34:16.503Z"}
{"level":"silly","message":"server start at 3636","timestamp":"2022-01-14T08:34:52.349Z"}
{"level":"info","message":"login succes","timestamp":"2022-01-14T08:35:11.743Z"}
{"level":"silly","message":"server start at 3636","timestamp":"2022-01-14T08:40:46.181Z"}
{"level":"info","message":"login succes","timestamp":"2022-01-14T08:40:46.432Z"}
{"level":"silly","message":"server start at 3636","timestamp":"2022-01-14T08:43:35.017Z"}
{"code":"LOGIN_FAILED","level":"error","message":"error while login invalid password","name":"Error","statusCode":400,"timestamp":"2022-01-14T08:43:35.278Z"}
{"level":"silly","message":"server start at 3636","timestamp":"2022-01-14T08:44:02.933Z"}
{"level":"info","message":"login succes","timestamp":"2022-01-14T08:44:03.185Z"}
{"level":"silly","message":"server start at 3636","timestamp":"2022-01-14T08:48:03.540Z"}
{"level":"silly","message":"server start at 3636","timestamp":"2022-01-14T08:51:34.434Z"}
{"level":"silly","message":"server start at 3636","timestamp":"2022-01-14T08:52:46.346Z"}
{"level":"info","message":"login succes","timestamp":"2022-01-14T08:52:46.673Z"}
{"level":"silly","message":"server start at 3636","timestamp":"2022-01-14T08:53:23.142Z"}
{"level":"info","message":"login succes","timestamp":"2022-01-14T08:53:23.422Z"}
{"level":"silly","message":"server start at 3636","timestamp":"2022-01-14T08:56:06.436Z"}
{"level":"info","message":"login succes","timestamp":"2022-01-14T08:56:06.727Z"}
{"level":"silly","message":"server start at 3636","timestamp":"2022-01-14T08:57:31.346Z"}
{"level":"info","message":"login succes","timestamp":"2022-01-14T08:57:31.681Z"}
{"level":"silly","message":"server start at 3636","timestamp":"2022-01-14T09:02:30.215Z"}
{"level":"info","message":"login succes","timestamp":"2022-01-14T09:02:30.544Z"}
{"level":"info","message":"login succes","timestamp":"2022-01-14T09:02:30.623Z"}
{"level":"silly","message":"server start at 3636","timestamp":"2022-01-14T09:03:31.194Z"}
{"level":"info","message":"login succes","timestamp":"2022-01-14T09:03:31.515Z"}
{"code":"LOGIN_FAILED","level":"error","message":"error while login invalid password","name":"Error","statusCode":400,"timestamp":"2022-01-14T09:03:31.596Z"}
{"level":"silly","message":"server start at 3636","timestamp":"2022-01-14T09:05:26.505Z"}
{"level":"info","message":"login succes","timestamp":"2022-01-14T09:05:26.837Z"}
{"code":"LOGIN_FAILED","level":"error","message":"error while login invalid password","name":"Error","statusCode":400,"timestamp":"2022-01-14T09:05:26.914Z"}
{"level":"silly","message":"server start at 3636","timestamp":"2022-01-14T09:29:13.807Z"}
{"level":"info","message":"login succes","timestamp":"2022-01-14T09:29:14.139Z"}
{"code":"LOGIN_FAILED","level":"error","message":"error while login invalid password","name":"Error","statusCode":400,"timestamp":"2022-01-14T09:29:14.213Z"}
{"level":"silly","message":"server start at 3636","timestamp":"2022-01-14T09:31:54.981Z"}
{"level":"info","message":"login succes","timestamp":"2022-01-14T09:31:55.306Z"}
{"code":"LOGIN_FAILED","level":"error","message":"error while login invalid password","name":"Error","statusCode":400,"timestamp":"2022-01-14T09:31:55.382Z"}
{"level":"silly","message":"server start at 3636","timestamp":"2022-01-14T09:32:48.535Z"}
{"level":"info","message":"login succes","timestamp":"2022-01-14T09:32:48.853Z"}
{"code":"LOGIN_FAILED","level":"error","message":"error while login invalid password","name":"Error","statusCode":400,"timestamp":"2022-01-14T09:32:48.932Z"}
{"level":"silly","message":"server start at 3636","timestamp":"2022-01-14T09:44:37.215Z"}
{"level":"info","message":"login succes","timestamp":"2022-01-14T09:44:37.540Z"}
{"code":"LOGIN_FAILED","level":"error","message":"error while login invalid password","name":"Error","statusCode":400,"timestamp":"2022-01-14T09:44:37.614Z"}
{"level":"silly","message":"server start at 3636","timestamp":"2022-01-14T09:48:46.754Z"}
{"level":"info","message":"login succes","timestamp":"2022-01-14T09:48:47.072Z"}
{"code":"LOGIN_FAILED","level":"error","message":"error while login invalid password","name":"Error","statusCode":400,"timestamp":"2022-01-14T09:48:47.146Z"}
{"level":"silly","message":"server start at 3636","timestamp":"2022-01-15T01:47:09.644Z"}
{"level":"info","message":"login succes","timestamp":"2022-01-15T01:47:10.440Z"}
{"code":"LOGIN_FAILED","level":"error","message":"error while login invalid password","name":"Error","statusCode":400,"timestamp":"2022-01-15T01:47:10.638Z"}
{"level":"info","message":"login succes","timestamp":"2022-01-15T01:52:50.242Z"}
{"level":"silly","message":"server start at 3636","timestamp":"2022-01-15T02:42:36.947Z"}
{"level":"silly","message":"server start at 3636","timestamp":"2022-01-15T02:42:48.687Z"}
{"level":"info","message":"login succes","timestamp":"2022-01-15T02:42:49.571Z"}
{"code":"ERR_HTTP_HEADERS_SENT","level":"error","message":"error while login Cannot set headers after they are sent to the client","stack":"Error [ERR_HTTP_HEADERS_SENT]: Cannot set headers after they are sent to the client\n    at new NodeError (node:internal/errors:371:5)\n    at ServerResponse.setHeader (node:_http_outgoing:576:11)\n    at ServerResponse.header (C:\\FunDooApp\\node_modules\\express\\lib\\response.js:776:10)\n    at ServerResponse.send (C:\\FunDooApp\\node_modules\\express\\lib\\response.js:170:12)\n    at C:\\FunDooApp\\app\\Controller\\controller.js:27:17\n    at async loginControll (C:\\FunDooApp\\app\\Controller\\controller.js:22:9)","timestamp":"2022-01-15T02:42:49.583Z"}
{"code":"LOGIN_FAILED","level":"error","message":"error while login invalid password","name":"Error","statusCode":400,"timestamp":"2022-01-15T02:42:49.805Z"}
{"level":"info","message":"login succes","timestamp":"2022-01-15T02:42:50.056Z"}
{"code":"ERR_HTTP_HEADERS_SENT","level":"error","message":"error while login Cannot set headers after they are sent to the client","stack":"Error [ERR_HTTP_HEADERS_SENT]: Cannot set headers after they are sent to the client\n    at new NodeError (node:internal/errors:371:5)\n    at ServerResponse.setHeader (node:_http_outgoing:576:11)\n    at ServerResponse.header (C:\\FunDooApp\\node_modules\\express\\lib\\response.js:776:10)\n    at ServerResponse.send (C:\\FunDooApp\\node_modules\\express\\lib\\response.js:170:12)\n    at C:\\FunDooApp\\app\\Controller\\controller.js:27:17\n    at async loginControll (C:\\FunDooApp\\app\\Controller\\controller.js:22:9)","timestamp":"2022-01-15T02:42:50.060Z"}
{"level":"silly","message":"server start at 3636","timestamp":"2022-01-15T02:44:19.079Z"}
{"level":"info","message":"login succes","timestamp":"2022-01-15T02:44:19.870Z"}
{"code":"ERR_HTTP_HEADERS_SENT","level":"error","message":"error while login Cannot set headers after they are sent to the client","stack":"Error [ERR_HTTP_HEADERS_SENT]: Cannot set headers after they are sent to the client\n    at new NodeError (node:internal/errors:371:5)\n    at ServerResponse.setHeader (node:_http_outgoing:576:11)\n    at ServerResponse.header (C:\\FunDooApp\\node_modules\\express\\lib\\response.js:776:10)\n    at ServerResponse.send (C:\\FunDooApp\\node_modules\\express\\lib\\response.js:170:12)\n    at C:\\FunDooApp\\app\\Controller\\controller.js:27:17\n    at async loginControll (C:\\FunDooApp\\app\\Controller\\controller.js:22:9)","timestamp":"2022-01-15T02:44:19.879Z"}
{"code":"LOGIN_FAILED","level":"error","message":"error while login invalid password","name":"Error","statusCode":400,"timestamp":"2022-01-15T02:44:20.083Z"}
{"level":"info","message":"login succes","timestamp":"2022-01-15T02:44:20.347Z"}
{"code":"ERR_HTTP_HEADERS_SENT","level":"error","message":"error while login Cannot set headers after they are sent to the client","stack":"Error [ERR_HTTP_HEADERS_SENT]: Cannot set headers after they are sent to the client\n    at new NodeError (node:internal/errors:371:5)\n    at ServerResponse.setHeader (node:_http_outgoing:576:11)\n    at ServerResponse.header (C:\\FunDooApp\\node_modules\\express\\lib\\response.js:776:10)\n    at ServerResponse.send (C:\\FunDooApp\\node_modules\\express\\lib\\response.js:170:12)\n    at C:\\FunDooApp\\app\\Controller\\controller.js:27:17\n    at async loginControll (C:\\FunDooApp\\app\\Controller\\controller.js:22:9)","timestamp":"2022-01-15T02:44:20.351Z"}
{"level":"silly","message":"server start at 3636","timestamp":"2022-01-15T02:47:10.143Z"}
{"level":"info","message":"login succes","timestamp":"2022-01-15T02:47:10.955Z"}
{"code":"ERR_HTTP_HEADERS_SENT","level":"error","message":"error while login Cannot set headers after they are sent to the client","stack":"Error [ERR_HTTP_HEADERS_SENT]: Cannot set headers after they are sent to the client\n    at new NodeError (node:internal/errors:371:5)\n    at ServerResponse.setHeader (node:_http_outgoing:576:11)\n    at ServerResponse.header (C:\\FunDooApp\\node_modules\\express\\lib\\response.js:776:10)\n    at ServerResponse.send (C:\\FunDooApp\\node_modules\\express\\lib\\response.js:170:12)\n    at C:\\FunDooApp\\app\\Controller\\controller.js:27:17\n    at async loginControll (C:\\FunDooApp\\app\\Controller\\controller.js:22:9)","timestamp":"2022-01-15T02:47:10.963Z"}
{"code":"LOGIN_FAILED","level":"error","message":"error while login invalid password","name":"Error","statusCode":400,"timestamp":"2022-01-15T02:47:11.154Z"}
{"level":"info","message":"login succes","timestamp":"2022-01-15T02:47:11.403Z"}
{"code":"ERR_HTTP_HEADERS_SENT","level":"error","message":"error while login Cannot set headers after they are sent to the client","stack":"Error [ERR_HTTP_HEADERS_SENT]: Cannot set headers after they are sent to the client\n    at new NodeError (node:internal/errors:371:5)\n    at ServerResponse.setHeader (node:_http_outgoing:576:11)\n    at ServerResponse.header (C:\\FunDooApp\\node_modules\\express\\lib\\response.js:776:10)\n    at ServerResponse.send (C:\\FunDooApp\\node_modules\\express\\lib\\response.js:170:12)\n    at C:\\FunDooApp\\app\\Controller\\controller.js:27:17\n    at async loginControll (C:\\FunDooApp\\app\\Controller\\controller.js:22:9)","timestamp":"2022-01-15T02:47:11.407Z"}
{"level":"silly","message":"server start at 3636","timestamp":"2022-01-15T02:54:00.662Z"}
{"level":"info","message":"login succes","timestamp":"2022-01-15T02:54:01.430Z"}
{"code":"ERR_HTTP_HEADERS_SENT","level":"error","message":"error while login Cannot set headers after they are sent to the client","stack":"Error [ERR_HTTP_HEADERS_SENT]: Cannot set headers after they are sent to the client\n    at new NodeError (node:internal/errors:371:5)\n    at ServerResponse.setHeader (node:_http_outgoing:576:11)\n    at ServerResponse.header (C:\\FunDooApp\\node_modules\\express\\lib\\response.js:776:10)\n    at ServerResponse.send (C:\\FunDooApp\\node_modules\\express\\lib\\response.js:170:12)\n    at C:\\FunDooApp\\app\\Controller\\controller.js:27:17\n    at async loginControll (C:\\FunDooApp\\app\\Controller\\controller.js:22:9)","timestamp":"2022-01-15T02:54:01.435Z"}
{"code":"LOGIN_FAILED","level":"error","message":"error while login invalid password","name":"Error","statusCode":400,"timestamp":"2022-01-15T02:54:01.636Z"}
{"level":"info","message":"login succes","timestamp":"2022-01-15T02:54:01.868Z"}
{"code":"ERR_HTTP_HEADERS_SENT","level":"error","message":"error while login Cannot set headers after they are sent to the client","stack":"Error [ERR_HTTP_HEADERS_SENT]: Cannot set headers after they are sent to the client\n    at new NodeError (node:internal/errors:371:5)\n    at ServerResponse.setHeader (node:_http_outgoing:576:11)\n    at ServerResponse.header (C:\\FunDooApp\\node_modules\\express\\lib\\response.js:776:10)\n    at ServerResponse.send (C:\\FunDooApp\\node_modules\\express\\lib\\response.js:170:12)\n    at C:\\FunDooApp\\app\\Controller\\controller.js:27:17\n    at async loginControll (C:\\FunDooApp\\app\\Controller\\controller.js:22:9)","timestamp":"2022-01-15T02:54:01.870Z"}
{"level":"silly","message":"server start at 3636","timestamp":"2022-01-15T03:58:27.982Z"}
{"level":"info","message":"login succes","timestamp":"2022-01-15T03:58:28.738Z"}
{"code":"ERR_HTTP_HEADERS_SENT","level":"error","message":"error while login Cannot set headers after they are sent to the client","stack":"Error [ERR_HTTP_HEADERS_SENT]: Cannot set headers after they are sent to the client\n    at new NodeError (node:internal/errors:371:5)\n    at ServerResponse.setHeader (node:_http_outgoing:576:11)\n    at ServerResponse.header (C:\\FunDooApp\\node_modules\\express\\lib\\response.js:776:10)\n    at ServerResponse.send (C:\\FunDooApp\\node_modules\\express\\lib\\response.js:170:12)\n    at C:\\FunDooApp\\app\\Controller\\controller.js:27:17\n    at async loginControll (C:\\FunDooApp\\app\\Controller\\controller.js:22:9)","timestamp":"2022-01-15T03:58:28.745Z"}
{"code":"LOGIN_FAILED","level":"error","message":"error while login invalid password","name":"Error","statusCode":400,"timestamp":"2022-01-15T03:58:28.926Z"}
{"level":"silly","message":"server start at 3636","timestamp":"2022-01-15T06:22:32.038Z"}
{"level":"info","message":"login succes","timestamp":"2022-01-15T07:45:38.138Z"}
{"level":"silly","message":"server start at 3636","timestamp":"2022-01-15T07:46:41.694Z"}
{"code":"LOGIN_FAILED","level":"error","message":"error while login invalid password","name":"Error","statusCode":400,"timestamp":"2022-01-15T07:46:59.980Z"}
